[2026-02-26 11:11:18] EXPORT: bash /Users/markusvankempen/projects/watson-orchestrate-builder/internal/WxO ImporterAndExport/export_from_wxo.sh -o "/Users/markusvankempen/projects/watson-orchestrate-builder/internal/WxO ImporterAndExport/WxO" --env-name "TZ1" --connections-only --connection "A1_weatherapi_com"
[2026-02-26 11:13:55] EXPORT: bash /Users/markusvankempen/projects/watson-orchestrate-builder/internal/WxO ImporterAndExport/export_from_wxo.sh -o "/Users/markusvankempen/projects/watson-orchestrate-builder/internal/WxO ImporterAndExport/WxO" --env-name "TZ1" --tools-only --tool "Free_Weather_API___WeatherAPI_com"
[2026-02-26 11:15:50] IMPORT: bash /Users/markusvankempen/projects/watson-orchestrate-builder/internal/WxO ImporterAndExport/import_to_wxo.sh --base-dir "/Users/markusvankempen/projects/watson-orchestrate-builder/internal/WxO ImporterAndExport/WxO/Exports/TZ1/20260226_111355" --env "TZ1" --no-credential-prompt --if-exists "skip" --report-dir "/Users/markusvankempen/projects/watson-orchestrate-builder/internal/WxO ImporterAndExport/WxO/Imports/TZ1/20260226_111550"  --tools-only
[2026-02-26 11:18:16] IMPORT: bash /Users/markusvankempen/projects/watson-orchestrate-builder/internal/WxO ImporterAndExport/import_to_wxo.sh --base-dir "/Users/markusvankempen/projects/watson-orchestrate-builder/internal/WxO ImporterAndExport/WxO/Exports/TZ1/20260226_111355" --env "TZ2" --no-credential-prompt --if-exists "override" --report-dir "/Users/markusvankempen/projects/watson-orchestrate-builder/internal/WxO ImporterAndExport/WxO/Imports/TZ2/20260226_111816"  --tools-only
[2026-02-26 11:20:45] IMPORT: bash /Users/markusvankempen/projects/watson-orchestrate-builder/internal/WxO ImporterAndExport/import_to_wxo.sh --base-dir "/Users/markusvankempen/projects/watson-orchestrate-builder/internal/WxO ImporterAndExport/WxO/Exports/TZ1/20260226_111355" --env "TZ2" --no-credential-prompt --if-exists "override" --report-dir "/Users/markusvankempen/projects/watson-orchestrate-builder/internal/WxO ImporterAndExport/WxO/Imports/TZ2/20260226_112045" 
[2026-02-26 11:33:00] EXPORT: bash /Users/markusvankempen/projects/watson-orchestrate-builder/internal/WxO ImporterAndExport/export_from_wxo.sh -o "/Users/markusvankempen/projects/watson-orchestrate-builder/internal/WxO ImporterAndExport/WxO" --env-name "TZ1" --tools-only --tool "World_Time"
[2026-02-26 11:35:17] EXPORT: bash /Users/markusvankempen/projects/watson-orchestrate-builder/internal/WxO ImporterAndExport/export_from_wxo.sh -o "/Users/markusvankempen/projects/watson-orchestrate-builder/internal/WxO ImporterAndExport/WxO" --env-name "TZ1" --tools-only --tool "Weather_Tool" --tool-type "openapi"
[2026-02-26 11:37:27] EXPORT: bash /Users/markusvankempen/projects/watson-orchestrate-builder/internal/WxO ImporterAndExport/export_from_wxo.sh -o "/Users/markusvankempen/projects/watson-orchestrate-builder/internal/WxO ImporterAndExport/WxO" --env-name "TZ1" --tools-only --tool "Weather_Tool" --tool-type "openapi"
[2026-02-26 11:44:18] IMPORT: bash /Users/markusvankempen/projects/watson-orchestrate-builder/internal/WxO ImporterAndExport/import_to_wxo.sh --base-dir "/Users/markusvankempen/projects/watson-orchestrate-builder/internal/WxO ImporterAndExport/WxO/Exports/TZ1/20260226_113727" --env "TZ2" --no-credential-prompt --if-exists "override" --report-dir "/Users/markusvankempen/projects/watson-orchestrate-builder/internal/WxO ImporterAndExport/WxO/Imports/TZ2/20260226_114418"  --tools-only
[2026-02-26 11:58:55] IMPORT: bash /Users/markusvankempen/projects/watson-orchestrate-builder/internal/WxO ImporterAndExport/import_to_wxo.sh --base-dir "/Users/markusvankempen/projects/watson-orchestrate-builder/internal/WxO ImporterAndExport/WxO/Exports/TZ1/20260226_113727" --env "TZ2" --no-credential-prompt --if-exists "skip" --report-dir "/Users/markusvankempen/projects/watson-orchestrate-builder/internal/WxO ImporterAndExport/WxO/Imports/TZ2/20260226_115855"  --agents-only
[2026-02-26 11:59:17] IMPORT: bash /Users/markusvankempen/projects/watson-orchestrate-builder/internal/WxO ImporterAndExport/import_to_wxo.sh --base-dir "/Users/markusvankempen/projects/watson-orchestrate-builder/internal/WxO ImporterAndExport/WxO/Exports/TZ1/20260226_113727" --env "TZ2" --no-credential-prompt --if-exists "override" --report-dir "/Users/markusvankempen/projects/watson-orchestrate-builder/internal/WxO ImporterAndExport/WxO/Imports/TZ2/20260226_115916"  --tools-only
[2026-02-26 14:02:36] IMPORT: bash /Users/markusvankempen/projects/watson-orchestrate-builder/internal/WxO ImporterAndExport/import_to_wxo.sh --base-dir "/Users/markusvankempen/projects/watson-orchestrate-builder/internal/WxO ImporterAndExport/WxO/Exports/TZ1/20260226_130835" --env "TZ1" --no-credential-prompt --if-exists "skip" --report-dir "/Users/markusvankempen/projects/watson-orchestrate-builder/internal/WxO ImporterAndExport/WxO/Imports/TZ1/20260226_140236"  --all
[2026-02-26 14:18:30] === WXO session started ===
[2026-02-26 14:19:52] === WXO session started ===
[2026-02-26 14:21:04] === WXO session started ===
[2026-02-26 14:24:17] === WXO session started ===
[2026-02-26 14:24:29] COMPARE: bash /Users/markusvankempen/projects/watson-orchestrate-builder/internal/WxO ImporterAndExport/compare_wxo_systems.sh
[2026-02-26 14:25:11] === WXO session started ===
[2026-02-26 14:25:24] COMPARE: bash /Users/markusvankempen/projects/watson-orchestrate-builder/internal/WxO ImporterAndExport/compare_wxo_systems.sh
[2026-02-26 14:26:56] === WXO session started ===
